  ADDR  |  HEX  |      BINARY      |  LN  |  ASSEMBLY
        |       |                  |    1 | .ORIG	x3000
 x3000  | x5020 | 0101000000100000 |    2 | AND R0, R0, #0
 x3001  | x5260 | 0101001001100000 |    3 | AND R1, R1, #0
 x3002  | x54A0 | 0101010010100000 |    4 | AND R2, R2, #0
 x3003  | x56E0 | 0101011011100000 |    5 | AND R3, R3, #0
 x3004  | x5920 | 0101100100100000 |    6 | AND R4, R4, #0
 x3005  | x1B60 | 0001101101100000 |    7 | ADD R5, R5, #0;reseting regs
 x3006  | xF036 | 1111000000110110 |    8 | TRAP 0x36; printing regs
 x3007  | xF031 | 1111000000110001 |    9 | TRAP 0x31; getting player coords
 x3008  | x1023 | 0001000000100011 |   10 | ADD R0, R0, #3; setting up in front of player
 x3009  | x14A3 | 0001010010100011 |   11 | ADD R2, R2  , #3;to avoid it being in the same spot as player when built
 x300A  | x2A0C | 0010101000001100 |   12 | LD R5, COUNTER; setting up counter to stop building direction
        |       |                  |   13 | 
 x300B  | x260C | 0010011000001100 |   14 | NEXT LD R3, BLOCK
 x300C  | x280A | 0010100000001010 |   15 | LD R4, COUNTER; setting up counter to stop tower building
 x300D  | x1261 | 0001001001100001 |   16 | LOOP ADD R1,R1,#1; tower up
 x300E  | xF034 | 1111000000110100 |   17 | TRAP 0x34; place
 x300F  | xF036 | 1111000000110110 |   18 | TRAP 0x36; reg chk
 x3010  | x193F | 0001100100111111 |   19 | ADD R4, R4, #-1; counter down tower
 x3011  | x03FB | 0000001111111011 |   20 | BRp LOOP; if not zero, more tower to build
        |       |                  |   21 | 
 x3012  | x1021 | 0001000000100001 |   22 | ADD R0, R0, #1;left increment 
 x3013  | x1276 | 0001001001110110 |   23 | ADD R1, R1, #-10;reset tower height
 x3014  | x1B7F | 0001101101111111 |   24 | ADD R5, R5, #-1; counter down direction
 x3015  | x03F5 | 0000001111110101 |   25 | BRp NEXT;if not zero, more to build in that direction
        |       |                  |   26 | 
 x3016  | xF025 | 1111000000100101 |   27 |     HALT
 x3017  | x000A | 0000000000001010 |   28 |     COUNTER .FILL #10
 x3018  | x0001 | 0000000000000001 |   29 |     BLOCK .FILL #1
        |       |                  |   30 | .END