  ADDR  |  HEX  |      BINARY      |  LN  |  ASSEMBLY
        |       |                  |    1 | .ORIG X3000
 x3000  | x5020 | 0101000000100000 |    2 | AND R0,R0,#0
 x3001  | x5260 | 0101001001100000 |    3 | AND R1,R1,#0
 x3002  | x54A0 | 0101010010100000 |    4 | AND R2,R2,#0
 x3003  | x56E0 | 0101011011100000 |    5 | AND R3,R3,#0
 x3004  | x5920 | 0101100100100000 |    6 | AND R4,R4,#0
 x3005  | x5B60 | 0101101101100000 |    7 | AND R5,R5,#0
 x3006  | x5DA0 | 0101110110100000 |    8 | AND R6,R6,#0
 x3007  | xF031 | 1111000000110001 |    9 | TRAP 0x31
 x3008  | x14AA | 0001010010101010 |   10 | ADD R2,R2,#10 ;ready state
 x3009  | x301D | 0011000000011101 |   11 | ST R0, XCOORD
 x300A  | x321D | 0011001000011101 |   12 | ST R1, YCOORD
 x300B  | x341D | 0011010000011101 |   13 | ST R2, ZCOORD
        |       |                  |   14 | 
 x300C  | x2617 | 0010011000010111 |   15 | LD R3,BLOCKWALL
 x300D  | x2A13 | 0010101000010011 |   16 | LD R5,LENGTH
 x300E  | x4849 | 0100100001001001 |   17 | JSR WALL1
 x300F  | x2A11 | 0010101000010001 |   18 | LD R5,LENGTH
 x3010  | x484F | 0100100001001111 |   19 | JSR WALL2
 x3011  | x2A0F | 0010101000001111 |   20 | LD R5,LENGTH
 x3012  | x4855 | 0100100001010101 |   21 | JSR WALL3
 x3013  | x2A0D | 0010101000001101 |   22 | LD R5,LENGTH
 x3014  | x485B | 0100100001011011 |   23 | JSR WALLD
 x3015  | x260F | 0010011000001111 |   24 | LD R3,BLOCKFLOOR
 x3016  | x2A0C | 0010101000001100 |   25 | LD R5,LENGTHF
 x3017  | x4866 | 0100100001100110 |   26 | JSR FLOOR
 x3018  | xF036 | 1111000000110110 |   27 | TRAP 0x36
        |       |                  |   28 | 
 x3019  | x4816 | 0100100000010110 |   29 | JSR BEDT
 x301A  | x1265 | 0001001001100101 |   30 | ADD R1,R1,#5
 x301B  | x2A07 | 0010101000000111 |   31 | LD R5,LENGTHF
 x301C  | x2612 | 0010011000010010 |   32 | LD R3,ROOF
 x301D  | x4860 | 0100100001100000 |   33 | JSR FLOOR
 x301E  | x481C | 0100100000011100 |   34 | JSR DOORWIN
 x301F  | xF025 | 1111000000100101 |   35 | HALT
 x3020  | x000A | 0000000000001010 |   36 | HEIGHT .FILL #10
 x3021  | x000A | 0000000000001010 |   37 | LENGTH .FILL #10
 x3022  | x000B | 0000000000001011 |   38 | HEIGHTF .FILL #11
 x3023  | x000B | 0000000000001011 |   39 | LENGTHF .FILL #11
 x3024  | x0005 | 0000000000000101 |   40 | BLOCKWALL .FILL #5
 x3025  | x0001 | 0000000000000001 |   41 | BLOCKFLOOR .FILL #1
 x3026  | x0000 | 0000000000000000 |   42 | SPARERET .FILL #0
 x3027  | x0000 | 0000000000000000 |   43 | XCOORD .FILL #0
 x3028  | x0000 | 0000000000000000 |   44 | YCOORD .FILL #0
 x3029  | x0000 | 0000000000000000 |   45 | ZCOORD .FILL #0
 x302A  | x0040 | 0000000001000000 |   46 | DOOR .FILL #64
 x302B  | x0000 | 0000000000000000 |   47 | AIR .FILL #0
 x302C  | x0014 | 0000000000010100 |   48 | GLASS .FILL #20
 x302D  | x001A | 0000000000011010 |   49 | BED .FILL #26
 x302E  | x0032 | 0000000000110010 |   50 | TORCHY .FILL #50
 x302F  | x0062 | 0000000001100010 |   51 | ROOF .FILL #98
        |       |                  |   52 | 
 x3030  | x27FC | 0010011111111100 |   53 | BEDT LD R3,BED
 x3031  | x1261 | 0001001001100001 |   54 | ADD R1,R1,#1
 x3032  | x14A5 | 0001010010100101 |   55 | ADD R2,R2,#5
 x3033  | x1021 | 0001000000100001 |   56 | ADD R0,R0,#1
 x3034  | xF034 | 1111000000110100 |   57 | TRAP 0x34
 x3035  | x27F8 | 0010011111111000 |   58 | LD R3,TORCHY
 x3036  | x1264 | 0001001001100100 |   59 | ADD R1,R1,#4
 x3037  | xF034 | 1111000000110100 |   60 | TRAP 0x34
 x3038  | x14BB | 0001010010111011 |   61 | ADD R2,R2,#-5
 x3039  | x103F | 0001000000111111 |   62 | ADD R0,R0,#-1
 x303A  | xC1C0 | 1100000111000000 |   63 | RET
        |       |                  |   64 | 
 x303B  | x21EB | 0010000111101011 |   65 | DOORWIN LD R0, XCOORD
 x303C  | x23EB | 0010001111101011 |   66 | LD R1, YCOORD
 x303D  | x25EB | 0010010111101011 |   67 | LD R2, ZCOORD
 x303E  | x1025 | 0001000000100101 |   68 | ADD R0,R0,#5
 x303F  | x1261 | 0001001001100001 |   69 | ADD R1,R1,#1
 x3040  | x27EA | 0010011111101010 |   70 | LD R3,AIR
 x3041  | xF034 | 1111000000110100 |   71 | TRAP 0x34
 x3042  | x1261 | 0001001001100001 |   72 | ADD R1,R1,#1
 x3043  | xF034 | 1111000000110100 |   73 | TRAP 0x34
 x3044  | x27E5 | 0010011111100101 |   74 | LD R3,DOOR
 x3045  | x127F | 0001001001111111 |   75 | ADD R1,R1,#-1
 x3046  | xF034 | 1111000000110100 |   76 | TRAP 0x34
 x3047  | x3FDE | 0011111111011110 |   77 | ST R7, SPARERET
 x3048  | x4802 | 0100100000000010 |   78 | JSR WIN
 x3049  | x2FDC | 0010111111011100 |   79 | LD R7,SPARERET
 x304A  | xC1C0 | 1100000111000000 |   80 | RET
        |       |                  |   81 | 
 x304B  | x1265 | 0001001001100101 |   82 | WIN ADD R1,R1,#5
 x304C  | x27DF | 0010011111011111 |   83 | LD R3,GLASS
 x304D  | xF034 | 1111000000110100 |   84 | TRAP 0x34
 x304E  | x1261 | 0001001001100001 |   85 | ADD R1,R1,#1
 x304F  | xF034 | 1111000000110100 |   86 | TRAP 0x34
 x3050  | x1261 | 0001001001100001 |   87 | ADD R1,R1,#1
 x3051  | xF034 | 1111000000110100 |   88 | TRAP 0x34
 x3052  | x127F | 0001001001111111 |   89 | ADD R1,R1,#-1
 x3053  | x103F | 0001000000111111 |   90 | ADD R0,R0,#-1
 x3054  | xF034 | 1111000000110100 |   91 | TRAP 0x34
 x3055  | x1022 | 0001000000100010 |   92 | ADD R0,R0,#2
 x3056  | xF034 | 1111000000110100 |   93 | TRAP 0x34
 x3057  | xC1C0 | 1100000111000000 |   94 | RET
        |       |                  |   95 | 
 x3058  | x29C7 | 0010100111000111 |   96 | WALL1 LD R4, HEIGHT 
 x3059  | x1021 | 0001000000100001 |   97 | ADD R0,R0,#1
 x305A  | x3FCB | 0011111111001011 |   98 | ST R7, SPARERET
 x305B  | x481C | 0100100000011100 |   99 | JSR TOWER
 x305C  | x2FC9 | 0010111111001001 |  100 | LD R7,SPARERET
 x305D  | x1B7F | 0001101101111111 |  101 | ADD R5,R5,#-1
 x305E  | x03F9 | 0000001111111001 |  102 | BRp WALL1
 x305F  | xC1C0 | 1100000111000000 |  103 | RET
        |       |                  |  104 | 
 x3060  | x29BF | 0010100110111111 |  105 | WALL2 LD R4, HEIGHT 
 x3061  | x14A1 | 0001010010100001 |  106 | ADD R2,R2,#1
 x3062  | x3FC3 | 0011111111000011 |  107 | ST R7,SPARERET
 x3063  | x4814 | 0100100000010100 |  108 | JSR TOWER
 x3064  | x2FC1 | 0010111111000001 |  109 | LD R7,SPARERET
 x3065  | x1B7F | 0001101101111111 |  110 | ADD R5,R5,#-1
 x3066  | x03F9 | 0000001111111001 |  111 | BRp WALL2
 x3067  | xC1C0 | 1100000111000000 |  112 | RET
        |       |                  |  113 | 
 x3068  | x29B7 | 0010100110110111 |  114 | WALL3 LD R4, HEIGHT 
 x3069  | x103F | 0001000000111111 |  115 | ADD R0,R0,#-1
 x306A  | x3FBB | 0011111110111011 |  116 | ST R7,SPARERET
 x306B  | x480C | 0100100000001100 |  117 | JSR TOWER
 x306C  | x2FB9 | 0010111110111001 |  118 | LD R7,SPARERET
 x306D  | x1B7F | 0001101101111111 |  119 | ADD R5,R5,#-1
 x306E  | x03F9 | 0000001111111001 |  120 | BRp WALL3
 x306F  | xC1C0 | 1100000111000000 |  121 | RET
        |       |                  |  122 | 
 x3070  | x29AF | 0010100110101111 |  123 | WALLD LD R4, HEIGHT 
 x3071  | x14BF | 0001010010111111 |  124 | ADD R2,R2,#-1
 x3072  | x3FB3 | 0011111110110011 |  125 | ST R7,SPARERET
 x3073  | x4804 | 0100100000000100 |  126 | JSR TOWER
 x3074  | x2FB1 | 0010111110110001 |  127 | LD R7,SPARERET
 x3075  | x1B7F | 0001101101111111 |  128 | ADD R5,R5,#-1
 x3076  | x03F9 | 0000001111111001 |  129 | BRp WALLD
 x3077  | xC1C0 | 1100000111000000 |  130 | RET
        |       |                  |  131 | 
        |       |                  |  132 | 
 x3078  | xF034 | 1111000000110100 |  133 | TOWER TRAP 0x34
 x3079  | x1261 | 0001001001100001 |  134 | ADD R1,R1,#1
 x307A  | x193F | 0001100100111111 |  135 | ADD R4,R4,#-1
 x307B  | x03FC | 0000001111111100 |  136 | BRp TOWER
 x307C  | x1276 | 0001001001110110 |  137 | ADD R1, R1,#-10
 x307D  | xC1C0 | 1100000111000000 |  138 | RET
        |       |                  |  139 | 
 x307E  | x29A3 | 0010100110100011 |  140 | FLOOR LD R4, HEIGHTF
 x307F  | x3FA6 | 0011111110100110 |  141 | ST R7,SPARERET
 x3080  | x4806 | 0100100000000110 |  142 | JSR AXIS
 x3081  | x2FA4 | 0010111110100100 |  143 | LD R7,SPARERET
 x3082  | x1021 | 0001000000100001 |  144 | ADD R0,R0,#1
 x3083  | x1B7F | 0001101101111111 |  145 | ADD R5,R5,#-1
 x3084  | x03F9 | 0000001111111001 |  146 | BRp FLOOR
 x3085  | x1035 | 0001000000110101 |  147 | ADD R0, R0,#-11
 x3086  | xC1C0 | 1100000111000000 |  148 | RET
        |       |                  |  149 | 
 x3087  | xF034 | 1111000000110100 |  150 | AXIS TRAP 0x34
 x3088  | x14A1 | 0001010010100001 |  151 | ADD R2,R2,#1
 x3089  | x193F | 0001100100111111 |  152 | ADD R4,R4,#-1
 x308A  | x03FC | 0000001111111100 |  153 | BRp AXIS
 x308B  | x14B5 | 0001010010110101 |  154 | ADD R2,R2,#-11
 x308C  | xC1C0 | 1100000111000000 |  155 | RET
        |       |                  |  156 | .END